2016-10-13 01:45:11.903 INFO [localhost-startStop-1][SLF4JLogger.java:71] - Cluster created with settings {hosts=[localhost:27017], mode=MULTIPLE, requiredClusterType=UNKNOWN, serverSelectionTimeout='30000 ms', maxWaitQueueSize=500, description='for test'}
2016-10-13 01:45:11.930 INFO [localhost-startStop-1][SLF4JLogger.java:71] - Adding discovered server localhost:27017 to client view of cluster
2016-10-13 01:45:12.114 INFO [cluster-ClusterId{value='57fe76a7d832651844763d26', description='for test'}-localhost:27017][SLF4JLogger.java:71] - Opened connection [connectionId{localValue:1, serverValue:8}] to localhost:27017
2016-10-13 01:45:12.123 INFO [cluster-ClusterId{value='57fe76a7d832651844763d26', description='for test'}-localhost:27017][SLF4JLogger.java:71] - Monitor thread successfully connected to server with description ServerDescription{address=localhost:27017, type=STANDALONE, state=CONNECTED, ok=true, version=ServerVersion{versionList=[3, 0, 2]}, minWireVersion=0, maxWireVersion=3, electionId=null, maxDocumentSize=16777216, roundTripTimeNanos=775368}
2016-10-13 01:45:12.126 INFO [cluster-ClusterId{value='57fe76a7d832651844763d26', description='for test'}-localhost:27017][SLF4JLogger.java:71] - Discovered cluster type of STANDALONE
2016-10-13 01:45:12.641 INFO [localhost-startStop-1][DirectSalePairTouchMode.java:36] - check  member ranks is in correct ordinary......
2016-10-13 01:45:12.642 INFO [localhost-startStop-1][DirectSalePairTouchMode.java:32] - config yexin direct sale mode finished.
2016-10-13 01:45:15.491 INFO [localhost-startStop-1][TimerTask.java:17] - 每日红包赠送数量为28
2016-10-13 01:47:13.761 INFO [http-bio-8080-exec-1][SLF4JLogger.java:71] - Opened connection [connectionId{localValue:2, serverValue:9}] to localhost:27017
2016-10-13 03:17:58.914 INFO [localhost-startStop-1][SLF4JLogger.java:71] - Cluster created with settings {hosts=[localhost:27017], mode=MULTIPLE, requiredClusterType=UNKNOWN, serverSelectionTimeout='30000 ms', maxWaitQueueSize=500, description='for test'}
2016-10-13 03:17:58.917 INFO [localhost-startStop-1][SLF4JLogger.java:71] - Adding discovered server localhost:27017 to client view of cluster
2016-10-13 03:17:59.107 INFO [cluster-ClusterId{value='57fe8c66d8326507ccc4bbf7', description='for test'}-localhost:27017][SLF4JLogger.java:71] - Opened connection [connectionId{localValue:1, serverValue:11}] to localhost:27017
2016-10-13 03:17:59.111 INFO [cluster-ClusterId{value='57fe8c66d8326507ccc4bbf7', description='for test'}-localhost:27017][SLF4JLogger.java:71] - Monitor thread successfully connected to server with description ServerDescription{address=localhost:27017, type=STANDALONE, state=CONNECTED, ok=true, version=ServerVersion{versionList=[3, 0, 2]}, minWireVersion=0, maxWireVersion=3, electionId=null, maxDocumentSize=16777216, roundTripTimeNanos=766534}
2016-10-13 03:17:59.113 INFO [cluster-ClusterId{value='57fe8c66d8326507ccc4bbf7', description='for test'}-localhost:27017][SLF4JLogger.java:71] - Discovered cluster type of STANDALONE
2016-10-13 03:17:59.632 INFO [localhost-startStop-1][DirectSalePairTouchMode.java:36] - check  member ranks is in correct ordinary......
2016-10-13 03:17:59.636 INFO [localhost-startStop-1][DirectSalePairTouchMode.java:32] - config yexin direct sale mode finished.
2016-10-13 03:18:02.478 INFO [localhost-startStop-1][TimerTask.java:17] - 每日红包赠送数量为28
2016-10-13 03:23:02.404 INFO [http-bio-8080-exec-9][SLF4JLogger.java:71] - Opened connection [connectionId{localValue:2, serverValue:12}] to localhost:27017
2016-10-13 03:25:30.216 INFO [localhost-startStop-1][SLF4JLogger.java:71] - Cluster created with settings {hosts=[localhost:27017], mode=MULTIPLE, requiredClusterType=UNKNOWN, serverSelectionTimeout='30000 ms', maxWaitQueueSize=500, description='for test'}
2016-10-13 03:25:30.219 INFO [localhost-startStop-1][SLF4JLogger.java:71] - Adding discovered server localhost:27017 to client view of cluster
2016-10-13 03:25:30.402 INFO [cluster-ClusterId{value='57fe8e2ad832651284c9c84c', description='for test'}-localhost:27017][SLF4JLogger.java:71] - Opened connection [connectionId{localValue:1, serverValue:13}] to localhost:27017
2016-10-13 03:25:30.404 INFO [cluster-ClusterId{value='57fe8e2ad832651284c9c84c', description='for test'}-localhost:27017][SLF4JLogger.java:71] - Monitor thread successfully connected to server with description ServerDescription{address=localhost:27017, type=STANDALONE, state=CONNECTED, ok=true, version=ServerVersion{versionList=[3, 0, 2]}, minWireVersion=0, maxWireVersion=3, electionId=null, maxDocumentSize=16777216, roundTripTimeNanos=643195}
2016-10-13 03:25:30.408 INFO [cluster-ClusterId{value='57fe8e2ad832651284c9c84c', description='for test'}-localhost:27017][SLF4JLogger.java:71] - Discovered cluster type of STANDALONE
2016-10-13 03:25:30.939 INFO [localhost-startStop-1][DirectSalePairTouchMode.java:36] - check  member ranks is in correct ordinary......
2016-10-13 03:25:30.940 INFO [localhost-startStop-1][DirectSalePairTouchMode.java:32] - config yexin direct sale mode finished.
2016-10-13 03:25:33.848 INFO [localhost-startStop-1][TimerTask.java:17] - 每日红包赠送数量为28
2016-10-13 03:31:59.003 INFO [http-bio-8080-exec-4][SLF4JLogger.java:71] - Opened connection [connectionId{localValue:2, serverValue:14}] to localhost:27017
2016-10-13 04:47:11.817 INFO [http-bio-8080-exec-3][SLF4JLogger.java:71] - Opened connection [connectionId{localValue:3, serverValue:17}] to localhost:27017
2016-10-13 05:29:16.035 WARN [http-bio-8080-exec-8][DefaultHandlerExceptionResolver.java:187] - No matching handler method found for servlet request: path '/buy', method 'GET', parameters map[[empty]]
2016-10-13 05:29:16.036 WARN [http-bio-8080-exec-8][AbstractHandlerExceptionResolver.java:189] - Handler execution resulted in exception: No matching handler method found for servlet request: path '/buy', method 'GET', parameters map[[empty]]
2016-10-13 05:31:01.802 WARN [http-bio-8080-exec-1][DefaultHandlerExceptionResolver.java:400] - Failed to write HTTP message: org.springframework.http.converter.HttpMessageNotWritableException: Could not write content: (was java.lang.NullPointerException) (through reference chain: com.lingyun.support.vo.Message["data"]->com.lingyun.entity.Order["totalPrice"]); nested exception is com.fasterxml.jackson.databind.JsonMappingException: (was java.lang.NullPointerException) (through reference chain: com.lingyun.support.vo.Message["data"]->com.lingyun.entity.Order["totalPrice"])
2016-10-13 05:31:01.803 WARN [http-bio-8080-exec-1][AbstractHandlerExceptionResolver.java:189] - Handler execution resulted in exception: Could not write content: (was java.lang.NullPointerException) (through reference chain: com.lingyun.support.vo.Message["data"]->com.lingyun.entity.Order["totalPrice"]); nested exception is com.fasterxml.jackson.databind.JsonMappingException: (was java.lang.NullPointerException) (through reference chain: com.lingyun.support.vo.Message["data"]->com.lingyun.entity.Order["totalPrice"])
2016-10-13 05:31:03.413 WARN [http-bio-8080-exec-4][DefaultHandlerExceptionResolver.java:400] - Failed to write HTTP message: org.springframework.http.converter.HttpMessageNotWritableException: Could not write content: (was java.lang.NullPointerException) (through reference chain: com.lingyun.support.vo.Message["data"]->com.lingyun.entity.Order["totalPrice"]); nested exception is com.fasterxml.jackson.databind.JsonMappingException: (was java.lang.NullPointerException) (through reference chain: com.lingyun.support.vo.Message["data"]->com.lingyun.entity.Order["totalPrice"])
2016-10-13 05:31:03.413 WARN [http-bio-8080-exec-4][AbstractHandlerExceptionResolver.java:189] - Handler execution resulted in exception: Could not write content: (was java.lang.NullPointerException) (through reference chain: com.lingyun.support.vo.Message["data"]->com.lingyun.entity.Order["totalPrice"]); nested exception is com.fasterxml.jackson.databind.JsonMappingException: (was java.lang.NullPointerException) (through reference chain: com.lingyun.support.vo.Message["data"]->com.lingyun.entity.Order["totalPrice"])
2016-10-13 06:26:26.210 INFO [localhost-startStop-1][SLF4JLogger.java:71] - Cluster created with settings {hosts=[localhost:27017], mode=MULTIPLE, requiredClusterType=UNKNOWN, serverSelectionTimeout='30000 ms', maxWaitQueueSize=500, description='for test'}
2016-10-13 06:26:26.212 INFO [localhost-startStop-1][SLF4JLogger.java:71] - Adding discovered server localhost:27017 to client view of cluster
2016-10-13 06:26:26.412 INFO [cluster-ClusterId{value='57feb892d832651c48d6dbf8', description='for test'}-localhost:27017][SLF4JLogger.java:71] - Opened connection [connectionId{localValue:1, serverValue:20}] to localhost:27017
2016-10-13 06:26:26.416 INFO [cluster-ClusterId{value='57feb892d832651c48d6dbf8', description='for test'}-localhost:27017][SLF4JLogger.java:71] - Monitor thread successfully connected to server with description ServerDescription{address=localhost:27017, type=STANDALONE, state=CONNECTED, ok=true, version=ServerVersion{versionList=[3, 0, 2]}, minWireVersion=0, maxWireVersion=3, electionId=null, maxDocumentSize=16777216, roundTripTimeNanos=781483}
2016-10-13 06:26:26.418 INFO [cluster-ClusterId{value='57feb892d832651c48d6dbf8', description='for test'}-localhost:27017][SLF4JLogger.java:71] - Discovered cluster type of STANDALONE
2016-10-13 06:26:26.970 INFO [localhost-startStop-1][DirectSalePairTouchMode.java:36] - check  member ranks is in correct ordinary......
2016-10-13 06:26:26.971 INFO [localhost-startStop-1][DirectSalePairTouchMode.java:32] - config yexin direct sale mode finished.
2016-10-13 06:26:31.573 INFO [localhost-startStop-1][TimerTask.java:17] - 每日红包赠送数量为28
2016-10-13 06:27:31.961 INFO [http-bio-8080-exec-5][SLF4JLogger.java:71] - Opened connection [connectionId{localValue:2, serverValue:21}] to localhost:27017
2016-10-13 06:48:11.890 INFO [http-bio-8080-exec-10][SLF4JLogger.java:71] - Opened connection [connectionId{localValue:3, serverValue:23}] to localhost:27017
